Using pre-set license
Built from '2020.3/staging' branch; Version is '2020.3.21f1 (a38c86f6690f) revision 10718342'; Using compiler version '192528614'; Build Type 'Release'
OS: 'Windows 10 Pro; OS build 19044.1706; Version 2009; 64bit' Language: 'en' Physical Memory: 16326 MB
BatchMode: 1, IsHumanControllingUs: 0, StartBugReporterOnCrash: 0, Is64bit: 1, IsPro: 0

COMMAND LINE ARGUMENTS:
F:\Unity\2020.3.21f1\Editor\Unity.exe
-adb2
-batchMode
-noUpm
-name
AssetImportWorker0
-projectPath
F:/Code/Unity Projects/KingdomAttack
-logFile
Logs/AssetImportWorker0.log
-srvPort
56792
Successfully changed project path to: F:/Code/Unity Projects/KingdomAttack
F:/Code/Unity Projects/KingdomAttack
Using Asset Import Pipeline V2.
Refreshing native plugins compatible for Editor in 39.88 ms, found 2 plugins.
Preloading 0 native plugins for Editor in 0.00 ms.
Initialize engine version: 2020.3.21f1 (a38c86f6690f)
[Subsystems] Discovering subsystems at path F:/Unity/2020.3.21f1/Editor/Data/Resources/UnitySubsystems
[Subsystems] Discovering subsystems at path F:/Code/Unity Projects/KingdomAttack/Assets
GfxDevice: creating device client; threaded=0
Direct3D:
    Version:  Direct3D 11.0 [level 11.1]
    Renderer: NVIDIA GeForce RTX 3080 (ID=0x2206)
    Vendor:   
    VRAM:     10077 MB
    Driver:   30.0.15.1259
Initialize mono
Mono path[0] = 'F:/Unity/2020.3.21f1/Editor/Data/Managed'
Mono path[1] = 'F:/Unity/2020.3.21f1/Editor/Data/MonoBleedingEdge/lib/mono/unityjit'
Mono config path = 'F:/Unity/2020.3.21f1/Editor/Data/MonoBleedingEdge/etc'
Using monoOptions --debugger-agent=transport=dt_socket,embedding=1,server=y,suspend=n,address=127.0.0.1:56004
Begin MonoManager ReloadAssembly
Registering precompiled unity dll's ...
Register platform support module: F:/Unity/2020.3.21f1/Editor/Data/PlaybackEngines/WebGLSupport/UnityEditor.WebGL.Extensions.dll
Register platform support module: F:/Unity/2020.3.21f1/Editor/Data/PlaybackEngines/WindowsStandaloneSupport/UnityEditor.WindowsStandalone.Extensions.dll
Registered in 0.292430 seconds.
Native extension for WindowsStandalone target not found
Native extension for WebGL target not found
Refreshing native plugins compatible for Editor in 38.54 ms, found 2 plugins.
Preloading 0 native plugins for Editor in 0.00 ms.
Mono: successfully reloaded assembly
- Completed reload, in  5.615 seconds
Domain Reload Profiling:
	ReloadAssembly (5616ms)
		BeginReloadAssembly (3177ms)
			ExecutionOrderSort (0ms)
			DisableScriptedObjects (0ms)
			BackupInstance (0ms)
			ReleaseScriptingObjects (0ms)
			CreateAndSetChildDomain (1ms)
		EndReloadAssembly (904ms)
			LoadAssemblies (3182ms)
			RebuildTransferFunctionScriptingTraits (0ms)
			SetupTypeCache (541ms)
			ReleaseScriptCaches (0ms)
			RebuildScriptCaches (34ms)
			SetupLoadedEditorAssemblies (198ms)
				LogAssemblyErrors (0ms)
				InitializePlatformSupportModulesInManaged (6ms)
				SetLoadedEditorAssemblies (0ms)
				RefreshPlugins (39ms)
				BeforeProcessingInitializeOnLoad (20ms)
				ProcessInitializeOnLoadAttributes (96ms)
				ProcessInitializeOnLoadMethodAttributes (38ms)
				AfterProcessingInitializeOnLoad (0ms)
				EditorAssembliesLoaded (0ms)
			ExecutionOrderSort2 (0ms)
			AwakeInstancesAfterBackupRestoration (0ms)
Platform modules already initialized, skipping
Registering precompiled user dll's ...
Registered in 0.718401 seconds.
Begin MonoManager ReloadAssembly
Native extension for WindowsStandalone target not found
Native extension for WebGL target not found
Refreshing native plugins compatible for Editor in 0.40 ms, found 2 plugins.
Preloading 0 native plugins for Editor in 0.00 ms.
Mono: successfully reloaded assembly
- Completed reload, in  4.581 seconds
Domain Reload Profiling:
	ReloadAssembly (4586ms)
		BeginReloadAssembly (185ms)
			ExecutionOrderSort (0ms)
			DisableScriptedObjects (6ms)
			BackupInstance (0ms)
			ReleaseScriptingObjects (0ms)
			CreateAndSetChildDomain (18ms)
		EndReloadAssembly (4333ms)
			LoadAssemblies (1712ms)
			RebuildTransferFunctionScriptingTraits (0ms)
			SetupTypeCache (1158ms)
			ReleaseScriptCaches (0ms)
			RebuildScriptCaches (47ms)
			SetupLoadedEditorAssemblies (1320ms)
				LogAssemblyErrors (0ms)
				InitializePlatformSupportModulesInManaged (7ms)
				SetLoadedEditorAssemblies (1ms)
				RefreshPlugins (0ms)
				BeforeProcessingInitializeOnLoad (84ms)
				ProcessInitializeOnLoadAttributes (450ms)
				ProcessInitializeOnLoadMethodAttributes (775ms)
				AfterProcessingInitializeOnLoad (3ms)
				EditorAssembliesLoaded (0ms)
			ExecutionOrderSort2 (0ms)
			AwakeInstancesAfterBackupRestoration (8ms)
Platform modules already initialized, skipping
========================================================================
Worker process is ready to serve import requests
Launched and connected shader compiler UnityShaderCompiler.exe after 0.12 seconds
Refreshing native plugins compatible for Editor in 0.37 ms, found 2 plugins.
Preloading 0 native plugins for Editor in 0.00 ms.
Unloading 1504 Unused Serialized files (Serialized files now loaded: 0)
System memory in use before: 70.8 MB.
System memory in use after: 70.9 MB.

Unloading 19 unused Assets to reduce memory usage. Loaded Objects now: 1936.
Total: 3.418200 ms (FindLiveObjects: 0.166100 ms CreateObjectMapping: 0.037800 ms MarkObjects: 3.129400 ms  DeleteObjects: 0.083300 ms)

AssetImportParameters requested are different than current active one (requested -> active):
  custom:framework-win-MediaFoundation: 216162199b28c13a410421893ffa2e32 -> 
  custom:video-decoder-ogg-theora: a1e56fd34408186e4bbccfd4996cb3dc -> 
  custom:container-muxer-webm: aa71ff27fc2769a1b78a27578f13a17b -> 
  custom:container-demuxer-webm: 4f35f7cbe854078d1ac9338744f61a02 -> 
  custom:container-demuxer-ogg: 62fdf1f143b41e24485cea50d1cbac27 -> 
  custom:video-encoder-webm-vp8: eb34c28f22e8b96e1ab97ce403110664 -> 
  custom:video-decoder-webm-vp8: 9c59270c3fd7afecdb556c50c9e8de78 -> 
  custom:audio-decoder-ogg-vorbis: bf7c407c2cedff20999df2af8eb42d56 -> 
  custom:audio-encoder-webm-vorbis: bf7c407c2cedff20999df2af8eb42d56 -> 
========================================================================
Received Import Request.
  path: Assets/Tiles/Tile_RoadStraight_90.prefab
  artifactKey: Guid(f9d17adf0367247499ae785a804769d2) Importer(815301076,1909f56bfc062723c751e8b465ee728b)
Start importing Assets/Tiles/Tile_RoadStraight_90.prefab using Guid(f9d17adf0367247499ae785a804769d2) Importer(815301076,1909f56bfc062723c751e8b465ee728b)  -> (artifact id: 'fea8478f735fd0e4c055d2efbabb40f4') in 0.245353 seconds 
  Import took 0.248789 seconds .

========================================================================
Received Import Request.
  Time since last request: 5072.519960 seconds.
  path: Assets/Tiles/Tile_RoadCorner 90.prefab
  artifactKey: Guid(bbaf9c479cae84641b7a046548b91c45) Importer(815301076,1909f56bfc062723c751e8b465ee728b)
Start importing Assets/Tiles/Tile_RoadCorner 90.prefab using Guid(bbaf9c479cae84641b7a046548b91c45) Importer(815301076,1909f56bfc062723c751e8b465ee728b)  -> (artifact id: '35b77383074c9118ac82de168e58a8d6') in 0.084199 seconds 
  Import took 0.090492 seconds .

========================================================================
Received Import Request.
  Time since last request: 7.071533 seconds.
  path: Assets/Tiles/Tile_RoadCorner 90.prefab
  artifactKey: Guid(bbaf9c479cae84641b7a046548b91c45) Importer(815301076,1909f56bfc062723c751e8b465ee728b)
Start importing Assets/Tiles/Tile_RoadCorner 90.prefab using Guid(bbaf9c479cae84641b7a046548b91c45) Importer(815301076,1909f56bfc062723c751e8b465ee728b)  -> (artifact id: '612352b1ffdad64a579776332094f957') in 0.038261 seconds 
  Import took 0.041634 seconds .

========================================================================
Received Import Request.
  Time since last request: 5.507176 seconds.
  path: Assets/Tiles/Tile_RoadCorner 90.prefab
  artifactKey: Guid(bbaf9c479cae84641b7a046548b91c45) Importer(815301076,1909f56bfc062723c751e8b465ee728b)
Start importing Assets/Tiles/Tile_RoadCorner 90.prefab using Guid(bbaf9c479cae84641b7a046548b91c45) Importer(815301076,1909f56bfc062723c751e8b465ee728b)  -> (artifact id: '3209a3c31fcb094feb99321393f36b65') in 0.036947 seconds 
  Import took 0.040148 seconds .

========================================================================
Received Import Request.
  Time since last request: 9.204425 seconds.
  path: Assets/Tiles/Tile_RoadCorner 90.prefab
  artifactKey: Guid(bbaf9c479cae84641b7a046548b91c45) Importer(815301076,1909f56bfc062723c751e8b465ee728b)
Start importing Assets/Tiles/Tile_RoadCorner 90.prefab using Guid(bbaf9c479cae84641b7a046548b91c45) Importer(815301076,1909f56bfc062723c751e8b465ee728b)  -> (artifact id: 'e7439304315bb1d771da630f800ea1e0') in 0.041899 seconds 
  Import took 0.045066 seconds .

========================================================================
Received Import Request.
  Time since last request: 34.339433 seconds.
  path: Assets/Tiles/Tile_RoadCorner_180.prefab
  artifactKey: Guid(49d775c561f1c4a44b2dfdb2dc9abdf2) Importer(815301076,1909f56bfc062723c751e8b465ee728b)
Start importing Assets/Tiles/Tile_RoadCorner_180.prefab using Guid(49d775c561f1c4a44b2dfdb2dc9abdf2) Importer(815301076,1909f56bfc062723c751e8b465ee728b)  -> (artifact id: 'e3a008bb09fc4595e47870bd939feeb3') in 0.039169 seconds 
  Import took 0.042082 seconds .

========================================================================
Received Import Request.
  Time since last request: 6.415276 seconds.
  path: Assets/Tiles/Tile_RoadCorner_180.prefab
  artifactKey: Guid(49d775c561f1c4a44b2dfdb2dc9abdf2) Importer(815301076,1909f56bfc062723c751e8b465ee728b)
Start importing Assets/Tiles/Tile_RoadCorner_180.prefab using Guid(49d775c561f1c4a44b2dfdb2dc9abdf2) Importer(815301076,1909f56bfc062723c751e8b465ee728b)  -> (artifact id: '730d207571980809f7fd515d9b3ef2af') in 0.037879 seconds 
  Import took 0.041246 seconds .

========================================================================
Received Import Request.
  Time since last request: 8.588399 seconds.
  path: Assets/Tiles/Tile_RoadCorner_90.prefab
  artifactKey: Guid(bbaf9c479cae84641b7a046548b91c45) Importer(815301076,1909f56bfc062723c751e8b465ee728b)
Start importing Assets/Tiles/Tile_RoadCorner_90.prefab using Guid(bbaf9c479cae84641b7a046548b91c45) Importer(815301076,1909f56bfc062723c751e8b465ee728b)  -> (artifact id: 'a6cd2c54b4a23bbe33bde55d1bbee08a') in 0.039418 seconds 
  Import took 0.042471 seconds .

========================================================================
Received Import Request.
  Time since last request: 0.000186 seconds.
  path: Assets/Tiles/Tile_RoadCorner_180.prefab
  artifactKey: Guid(49d775c561f1c4a44b2dfdb2dc9abdf2) Importer(815301076,1909f56bfc062723c751e8b465ee728b)
Start importing Assets/Tiles/Tile_RoadCorner_180.prefab using Guid(49d775c561f1c4a44b2dfdb2dc9abdf2) Importer(815301076,1909f56bfc062723c751e8b465ee728b)  -> (artifact id: 'd36052382fcfb170b067df5a62f11b6f') in 0.034933 seconds 
  Import took 0.037923 seconds .

========================================================================
Received Import Request.
  Time since last request: 10.322931 seconds.
  path: Assets/Tiles/Tile_RoadCorner_270.prefab
  artifactKey: Guid(0f6783e9fe5c12343a96f15829905998) Importer(815301076,1909f56bfc062723c751e8b465ee728b)
Start importing Assets/Tiles/Tile_RoadCorner_270.prefab using Guid(0f6783e9fe5c12343a96f15829905998) Importer(815301076,1909f56bfc062723c751e8b465ee728b)  -> (artifact id: '32f9f27a888f350b021353d9aa1b3475') in 0.042563 seconds 
  Import took 0.046064 seconds .

========================================================================
Received Import Request.
  Time since last request: 5.821534 seconds.
  path: Assets/Tiles/Tile_RoadCorner_270.prefab
  artifactKey: Guid(0f6783e9fe5c12343a96f15829905998) Importer(815301076,1909f56bfc062723c751e8b465ee728b)
Start importing Assets/Tiles/Tile_RoadCorner_270.prefab using Guid(0f6783e9fe5c12343a96f15829905998) Importer(815301076,1909f56bfc062723c751e8b465ee728b)  -> (artifact id: 'bd0b54fd8088bc86ea30c55749270061') in 0.041910 seconds 
  Import took 0.045153 seconds .

========================================================================
Received Import Request.
  Time since last request: 108.278140 seconds.
  path: Assets/Tiles/Tile_RoadCorner_180.prefab
  artifactKey: Guid(49d775c561f1c4a44b2dfdb2dc9abdf2) Importer(815301076,1909f56bfc062723c751e8b465ee728b)
Start importing Assets/Tiles/Tile_RoadCorner_180.prefab using Guid(49d775c561f1c4a44b2dfdb2dc9abdf2) Importer(815301076,1909f56bfc062723c751e8b465ee728b)  -> (artifact id: '2de4aec26186a3f9f071e2ae72a649c3') in 0.040367 seconds 
  Import took 0.043399 seconds .

========================================================================
Received Import Request.
  Time since last request: 8.504406 seconds.
  path: Assets/Tiles/Tile_RoadCorner_180.prefab
  artifactKey: Guid(49d775c561f1c4a44b2dfdb2dc9abdf2) Importer(815301076,1909f56bfc062723c751e8b465ee728b)
Start importing Assets/Tiles/Tile_RoadCorner_180.prefab using Guid(49d775c561f1c4a44b2dfdb2dc9abdf2) Importer(815301076,1909f56bfc062723c751e8b465ee728b)  -> (artifact id: '08c8f6c648a84323c8fc61f5935023c3') in 0.037341 seconds 
  Import took 0.040503 seconds .

========================================================================
Received Import Request.
  Time since last request: 11.072854 seconds.
  path: Assets/Tiles/Tile_RoadCorner_270.prefab
  artifactKey: Guid(0f6783e9fe5c12343a96f15829905998) Importer(815301076,1909f56bfc062723c751e8b465ee728b)
Start importing Assets/Tiles/Tile_RoadCorner_270.prefab using Guid(0f6783e9fe5c12343a96f15829905998) Importer(815301076,1909f56bfc062723c751e8b465ee728b)  -> (artifact id: 'bf18ab3671c51baa9fdde2bd105d6dfb') in 0.038259 seconds 
  Import took 0.041496 seconds .

========================================================================
Received Import Request.
  Time since last request: 6.299762 seconds.
  path: Assets/Tiles/Tile_RoadCorner_270.prefab
  artifactKey: Guid(0f6783e9fe5c12343a96f15829905998) Importer(815301076,1909f56bfc062723c751e8b465ee728b)
Start importing Assets/Tiles/Tile_RoadCorner_270.prefab using Guid(0f6783e9fe5c12343a96f15829905998) Importer(815301076,1909f56bfc062723c751e8b465ee728b)  -> (artifact id: '258dddbb0126b69b610869042eb683f3') in 0.040029 seconds 
  Import took 0.043110 seconds .

AssetImportWorkerClient::OnTransportError - code=2 error=End of file
